D:\laoc\EVA_NDE\build\Debug\Win32\mmgr_dal_EVA_NDE.dll
D:\laoc\EVA_NDE\build\Debug\Win32\mmgr_dal_EVA_NDE.ilk
D:\laoc\EVA_NDE\build\Debug\Win32\mmgr_dal_EVA_NDE.pdb
D:\laoc\EVA_NDE\build\intermediates\Debug\Win32\EVA_NDE\cl.command.1.tlog
D:\laoc\EVA_NDE\build\intermediates\Debug\Win32\EVA_NDE\CL.read.1.tlog
D:\laoc\EVA_NDE\build\intermediates\Debug\Win32\EVA_NDE\CL.write.1.tlog
D:\laoc\EVA_NDE\build\intermediates\Debug\Win32\EVA_NDE\EVA_NDE.vcxprojResolveAssemblyReference.cache
D:\laoc\EVA_NDE\build\intermediates\Debug\Win32\EVA_NDE\EVA_NDE.write.1.tlog
D:\LAOC\EVA_NDE\BUILD\INTERMEDIATES\DEBUG\WIN32\EVA_NDE\EVA_NDE_TEST.OBJ
D:\laoc\EVA_NDE\build\intermediates\Debug\Win32\EVA_NDE\link.6360.read.1.tlog
D:\laoc\EVA_NDE\build\intermediates\Debug\Win32\EVA_NDE\link.6360.write.1.tlog
D:\laoc\EVA_NDE\build\intermediates\Debug\Win32\EVA_NDE\link.6360-cvtres.read.1.tlog
D:\laoc\EVA_NDE\build\intermediates\Debug\Win32\EVA_NDE\link.6360-cvtres.write.1.tlog
D:\laoc\EVA_NDE\build\intermediates\Debug\Win32\EVA_NDE\link.command.1.tlog
D:\laoc\EVA_NDE\build\intermediates\Debug\Win32\EVA_NDE\link.read.1.tlog
D:\laoc\EVA_NDE\build\intermediates\Debug\Win32\EVA_NDE\link.write.1.tlog
D:\laoc\EVA_NDE\build\intermediates\Debug\Win32\EVA_NDE\link-cvtres.read.1.tlog
D:\laoc\EVA_NDE\build\intermediates\Debug\Win32\EVA_NDE\link-cvtres.write.1.tlog
D:\laoc\EVA_NDE\build\intermediates\Debug\Win32\EVA_NDE\mmgr_dal_EVA_NDE.dll.embed.manifest
D:\laoc\EVA_NDE\build\intermediates\Debug\Win32\EVA_NDE\mmgr_dal_EVA_NDE.dll.intermediate.manifest
D:\laoc\EVA_NDE\build\intermediates\Debug\Win32\EVA_NDE\mmgr_dal_EVA_NDE_manifest.rc
D:\laoc\EVA_NDE\build\intermediates\Debug\Win32\EVA_NDE\mt.command.1.tlog
D:\laoc\EVA_NDE\build\intermediates\Debug\Win32\EVA_NDE\mt.read.1.tlog
D:\laoc\EVA_NDE\build\intermediates\Debug\Win32\EVA_NDE\mt.write.1.tlog
D:\laoc\EVA_NDE\build\intermediates\Debug\Win32\EVA_NDE\rc.command.1.tlog
D:\laoc\EVA_NDE\build\intermediates\Debug\Win32\EVA_NDE\rc.read.1.tlog
D:\laoc\EVA_NDE\build\intermediates\Debug\Win32\EVA_NDE\rc.write.1.tlog
D:\laoc\EVA_NDE\build\intermediates\Debug\Win32\EVA_NDE\vc100.idb
D:\LAOC\EVA_NDE\BUILD\INTERMEDIATES\DEBUG\WIN32\EVA_NDE\VC100.PDB
D:\LAOC\EVA_NDE\BUILD\INTERMEDIATES\DEBUG\WIN32\EVA_NDE\XYSTAGE.OBJ
E:\EVA_NDE\BUILD\DEBUG\WIN32\MMGR_DAL_EVA_NDE.DLL
E:\EVA_NDE\build\Debug\Win32\mmgr_dal_EVA_NDE.exp
E:\EVA_NDE\BUILD\DEBUG\WIN32\MMGR_DAL_EVA_NDE.ILK
E:\EVA_NDE\build\Debug\Win32\mmgr_dal_EVA_NDE.lib
E:\EVA_NDE\BUILD\DEBUG\WIN32\MMGR_DAL_EVA_NDE.PDB
E:\EVA_NDE\BUILD\INTERMEDIATES\DEBUG\WIN32\EVA_NDE\EVA_NDE_TEST.OBJ
E:\EVA_NDE\BUILD\INTERMEDIATES\DEBUG\WIN32\EVA_NDE\MMGR_DAL_EVA_NDE.DLL.EMBED.MANIFEST
E:\EVA_NDE\BUILD\INTERMEDIATES\DEBUG\WIN32\EVA_NDE\MMGR_DAL_EVA_NDE.DLL.EMBED.MANIFEST.RES
E:\EVA_NDE\BUILD\INTERMEDIATES\DEBUG\WIN32\EVA_NDE\MMGR_DAL_EVA_NDE.DLL.INTERMEDIATE.MANIFEST
E:\EVA_NDE\BUILD\INTERMEDIATES\DEBUG\WIN32\EVA_NDE\VC100.PDB
E:\EVA_NDE\BUILD\INTERMEDIATES\DEBUG\WIN32\EVA_NDE\XYSTAGE.OBJ
