D:\LAOC\C_EVA\EVA_NDE - 1\BUILD\DEBUG\X64\MMGR_DAL_EVA_NDE.DLL
D:\laoc\C_EVA\EVA_NDE - 1\build\Debug\x64\mmgr_dal_EVA_NDE.exp
D:\LAOC\C_EVA\EVA_NDE - 1\BUILD\DEBUG\X64\MMGR_DAL_EVA_NDE.ILK
D:\laoc\C_EVA\EVA_NDE - 1\build\Debug\x64\mmgr_dal_EVA_NDE.lib
D:\LAOC\C_EVA\EVA_NDE - 1\BUILD\DEBUG\X64\MMGR_DAL_EVA_NDE.PDB
D:\laoc\C_EVA\EVA_NDE - 1\build\intermediates\Debug\x64\EVA_NDE\cl.command.1.tlog
D:\laoc\C_EVA\EVA_NDE - 1\build\intermediates\Debug\x64\EVA_NDE\CL.read.1.tlog
D:\laoc\C_EVA\EVA_NDE - 1\build\intermediates\Debug\x64\EVA_NDE\CL.write.1.tlog
D:\laoc\C_EVA\EVA_NDE - 1\build\intermediates\Debug\x64\EVA_NDE\EVA_NDE.vcxprojResolveAssemblyReference.cache
D:\laoc\C_EVA\EVA_NDE - 1\build\intermediates\Debug\x64\EVA_NDE\EVA_NDE.write.1.tlog
D:\LAOC\C_EVA\EVA_NDE - 1\BUILD\INTERMEDIATES\DEBUG\X64\EVA_NDE\EVA_NDE_TEST.OBJ
D:\laoc\C_EVA\EVA_NDE - 1\build\intermediates\Debug\x64\EVA_NDE\link.12048.read.1.tlog
D:\laoc\C_EVA\EVA_NDE - 1\build\intermediates\Debug\x64\EVA_NDE\link.12048.write.1.tlog
D:\laoc\C_EVA\EVA_NDE - 1\build\intermediates\Debug\x64\EVA_NDE\link.12048-cvtres.read.1.tlog
D:\laoc\C_EVA\EVA_NDE - 1\build\intermediates\Debug\x64\EVA_NDE\link.12048-cvtres.write.1.tlog
D:\laoc\C_EVA\EVA_NDE - 1\build\intermediates\Debug\x64\EVA_NDE\link.command.1.tlog
D:\laoc\C_EVA\EVA_NDE - 1\build\intermediates\Debug\x64\EVA_NDE\link.read.1.tlog
D:\laoc\C_EVA\EVA_NDE - 1\build\intermediates\Debug\x64\EVA_NDE\link.write.1.tlog
D:\laoc\C_EVA\EVA_NDE - 1\build\intermediates\Debug\x64\EVA_NDE\link-cvtres.read.1.tlog
D:\laoc\C_EVA\EVA_NDE - 1\build\intermediates\Debug\x64\EVA_NDE\link-cvtres.write.1.tlog
D:\LAOC\C_EVA\EVA_NDE - 1\BUILD\INTERMEDIATES\DEBUG\X64\EVA_NDE\MMGR_DAL_EVA_NDE.DLL.EMBED.MANIFEST
D:\LAOC\C_EVA\EVA_NDE - 1\BUILD\INTERMEDIATES\DEBUG\X64\EVA_NDE\MMGR_DAL_EVA_NDE.DLL.EMBED.MANIFEST.RES
D:\LAOC\C_EVA\EVA_NDE - 1\BUILD\INTERMEDIATES\DEBUG\X64\EVA_NDE\MMGR_DAL_EVA_NDE.DLL.INTERMEDIATE.MANIFEST
D:\laoc\C_EVA\EVA_NDE - 1\build\intermediates\Debug\x64\EVA_NDE\mmgr_dal_EVA_NDE_manifest.rc
D:\laoc\C_EVA\EVA_NDE - 1\build\intermediates\Debug\x64\EVA_NDE\mt.command.1.tlog
D:\laoc\C_EVA\EVA_NDE - 1\build\intermediates\Debug\x64\EVA_NDE\mt.read.1.tlog
D:\laoc\C_EVA\EVA_NDE - 1\build\intermediates\Debug\x64\EVA_NDE\mt.write.1.tlog
D:\laoc\C_EVA\EVA_NDE - 1\build\intermediates\Debug\x64\EVA_NDE\rc.command.1.tlog
D:\laoc\C_EVA\EVA_NDE - 1\build\intermediates\Debug\x64\EVA_NDE\rc.read.1.tlog
D:\laoc\C_EVA\EVA_NDE - 1\build\intermediates\Debug\x64\EVA_NDE\rc.write.1.tlog
D:\laoc\C_EVA\EVA_NDE - 1\build\intermediates\Debug\x64\EVA_NDE\vc100.idb
D:\LAOC\C_EVA\EVA_NDE - 1\BUILD\INTERMEDIATES\DEBUG\X64\EVA_NDE\VC100.PDB
D:\LAOC\C_EVA\EVA_NDE - 1\BUILD\INTERMEDIATES\DEBUG\X64\EVA_NDE\XYSTAGE.OBJ
