D:\LAOC\C_EVA\EVA_NDE - 1\BUILD\DEBUG\X64\MMGR_DAL_PICOSCOPE.DLL
D:\laoc\C_EVA\EVA_NDE - 1\build\Debug\x64\mmgr_dal_Picoscope.exp
D:\LAOC\C_EVA\EVA_NDE - 1\BUILD\DEBUG\X64\MMGR_DAL_PICOSCOPE.ILK
D:\laoc\C_EVA\EVA_NDE - 1\build\Debug\x64\mmgr_dal_Picoscope.lib
D:\LAOC\C_EVA\EVA_NDE - 1\BUILD\DEBUG\X64\MMGR_DAL_PICOSCOPE.PDB
D:\laoc\C_EVA\EVA_NDE - 1\build\intermediates\Debug\x64\Picoscope\cl.command.1.tlog
D:\laoc\C_EVA\EVA_NDE - 1\build\intermediates\Debug\x64\Picoscope\CL.read.1.tlog
D:\laoc\C_EVA\EVA_NDE - 1\build\intermediates\Debug\x64\Picoscope\CL.write.1.tlog
D:\LAOC\C_EVA\EVA_NDE - 1\BUILD\INTERMEDIATES\DEBUG\X64\PICOSCOPE\EVA_PICO.OBJ
D:\laoc\C_EVA\EVA_NDE - 1\build\intermediates\Debug\x64\Picoscope\link.12800.read.1.tlog
D:\laoc\C_EVA\EVA_NDE - 1\build\intermediates\Debug\x64\Picoscope\link.12800.write.1.tlog
D:\laoc\C_EVA\EVA_NDE - 1\build\intermediates\Debug\x64\Picoscope\link.12800-cvtres.read.1.tlog
D:\laoc\C_EVA\EVA_NDE - 1\build\intermediates\Debug\x64\Picoscope\link.12800-cvtres.write.1.tlog
D:\laoc\C_EVA\EVA_NDE - 1\build\intermediates\Debug\x64\Picoscope\link.command.1.tlog
D:\laoc\C_EVA\EVA_NDE - 1\build\intermediates\Debug\x64\Picoscope\link.read.1.tlog
D:\laoc\C_EVA\EVA_NDE - 1\build\intermediates\Debug\x64\Picoscope\link.write.1.tlog
D:\laoc\C_EVA\EVA_NDE - 1\build\intermediates\Debug\x64\Picoscope\link-cvtres.read.1.tlog
D:\laoc\C_EVA\EVA_NDE - 1\build\intermediates\Debug\x64\Picoscope\link-cvtres.write.1.tlog
D:\LAOC\C_EVA\EVA_NDE - 1\BUILD\INTERMEDIATES\DEBUG\X64\PICOSCOPE\MMGR_DAL_PICOSCOPE.DLL.EMBED.MANIFEST
D:\LAOC\C_EVA\EVA_NDE - 1\BUILD\INTERMEDIATES\DEBUG\X64\PICOSCOPE\MMGR_DAL_PICOSCOPE.DLL.EMBED.MANIFEST.RES
D:\LAOC\C_EVA\EVA_NDE - 1\BUILD\INTERMEDIATES\DEBUG\X64\PICOSCOPE\MMGR_DAL_PICOSCOPE.DLL.INTERMEDIATE.MANIFEST
D:\laoc\C_EVA\EVA_NDE - 1\build\intermediates\Debug\x64\Picoscope\mmgr_dal_Picoscope_manifest.rc
D:\laoc\C_EVA\EVA_NDE - 1\build\intermediates\Debug\x64\Picoscope\mt.command.1.tlog
D:\laoc\C_EVA\EVA_NDE - 1\build\intermediates\Debug\x64\Picoscope\mt.read.1.tlog
D:\laoc\C_EVA\EVA_NDE - 1\build\intermediates\Debug\x64\Picoscope\mt.write.1.tlog
D:\laoc\C_EVA\EVA_NDE - 1\build\intermediates\Debug\x64\Picoscope\Picoscope.write.1.tlog
D:\laoc\C_EVA\EVA_NDE - 1\build\intermediates\Debug\x64\Picoscope\rc.command.1.tlog
D:\laoc\C_EVA\EVA_NDE - 1\build\intermediates\Debug\x64\Picoscope\rc.read.1.tlog
D:\laoc\C_EVA\EVA_NDE - 1\build\intermediates\Debug\x64\Picoscope\rc.write.1.tlog
D:\laoc\C_EVA\EVA_NDE - 1\build\intermediates\Debug\x64\Picoscope\vc100.idb
D:\LAOC\C_EVA\EVA_NDE - 1\BUILD\INTERMEDIATES\DEBUG\X64\PICOSCOPE\VC100.PDB
