生成启动时间为 2020/7/23 21:56:42。
     1>项目“D:\laoc\C_EVA\EVA_NDE - 1\DeviceAdapters\Picoscope\Picoscope.vcxproj”在节点 2 上(build 个目标)。
     1>InitializeBuildStatus:
         正在创建“D:\laoc\C_EVA\EVA_NDE - 1\build\intermediates\Debug\x64\Picoscope\Picoscope.unsuccessfulbuild”，因为已指定“AlwaysCreate”。
       ClCompile:
         D:\Program Files (x86)\Microsoft Visual Studio 10.0\VC\bin\x86_amd64\CL.exe /c /ID:\laoc\C_EVA\EVA_NDE\3rdpartypublic /I"D:\laoc\C_EVA\EVA_NDE - 1\\..\..\..\3rdpartypublic" /I"D:\laoc\C_EVA\EVA_NDE - 1\\..\..\MMDevice" /I"D:\laoc\C_EVA\EVA_NDE - 1\\..\..\..\3rdpartypublic\boost-versions\boost_1_55_0" /Zi /nologo /W4 /WX- /Od /D WIN32 /D _DEBUG /D _WINDOWS /D _USRDLL /D PICOSCOPE_EXPORTS /D MODULE_EXPORTS /D _CRT_SECURE_NO_WARNINGS /D _SCL_SECURE_NO_WARNINGS /D _WINDLL /D _MBCS /Gm /EHsc /RTC1 /MDd /GS /fp:precise /Zc:wchar_t /Zc:forScope /Fo"D:\laoc\C_EVA\EVA_NDE - 1\build\intermediates\Debug\x64\Picoscope\\" /Fd"D:\laoc\C_EVA\EVA_NDE - 1\build\intermediates\Debug\x64\Picoscope\vc100.pdb" /Gd /TP /wd4127 /wd4290 /errorReport:prompt EVA_pico.cpp
         EVA_pico.cpp
     1>d:\laoc\c_eva\eva_nde - 1\deviceadapters\picoscope\PS3000Acon.c(86): warning C4100: “overflow”: 未引用的形参
     1>d:\laoc\c_eva\eva_nde - 1\deviceadapters\picoscope\PS3000Acon.c(83): warning C4100: “handle”: 未引用的形参
     1>d:\laoc\c_eva\eva_nde - 1\deviceadapters\picoscope\PS3000Acon.c(177): warning C4100: “pParameter”: 未引用的形参
     1>d:\laoc\c_eva\eva_nde - 1\deviceadapters\picoscope\PS3000Acon.c(177): warning C4100: “handle”: 未引用的形参
     1>d:\laoc\c_eva\eva_nde - 1\deviceadapters\picoscope\PS3000Acon.c(276): warning C4189: “timebase”: 局部变量已初始化但不引用
     1>d:\laoc\c_eva\eva_nde - 1\deviceadapters\picoscope\PS3000Acon.c(423): warning C4244: “=”: 从“int”转换到“char”，可能丢失数据
     1>d:\laoc\c_eva\eva_nde - 1\deviceadapters\picoscope\PS3000Acon.c(1617): warning C4244: “初始化”: 从“unsigned long”转换到“unsigned short”，可能丢失数据
     1>d:\laoc\c_eva\eva_nde - 1\deviceadapters\picoscope\PS3000Acon.c(1623): warning C4018: “>”: 有符号/无符号不匹配
     1>d:\laoc\c_eva\eva_nde - 1\deviceadapters\picoscope\PS3000Acon.c(1608): warning C4101: “rapidBuffers”: 未引用的局部变量
     1>d:\laoc\c_eva\eva_nde - 1\deviceadapters\picoscope\PS3000Acon.c(1612): warning C4101: “i”: 未引用的局部变量
     1>d:\laoc\c_eva\eva_nde - 1\deviceadapters\picoscope\PS3000Acon.c(1616): warning C4189: “nCapturesWanted”: 局部变量已初始化但不引用
     1>d:\laoc\c_eva\eva_nde - 1\deviceadapters\picoscope\PS3000Acon.c(1762): warning C4244: “=”: 从“PS3000A_RANGE”转换到“int16_t”，可能丢失数据
     1>d:\laoc\c_eva\eva_nde - 1\deviceadapters\picoscope\PS3000Acon.c(1857): warning C4244: “=”: 从“int”转换到“int8_t”，可能丢失数据
     1>d:\laoc\c_eva\eva_nde - 1\deviceadapters\picoscope\PS3000Acon.c(1858): warning C4244: “=”: 从“int”转换到“int8_t”，可能丢失数据
     1>d:\laoc\c_eva\eva_nde - 1\deviceadapters\picoscope\PS3000Acon.c(1859): warning C4244: “=”: 从“int”转换到“int8_t”，可能丢失数据
     1>d:\laoc\c_eva\eva_nde - 1\deviceadapters\picoscope\PS3000Acon.c(2010): warning C4244: “=”: 从“int”转换到“char”，可能丢失数据
     1>d:\laoc\c_eva\eva_nde - 1\deviceadapters\picoscope\PS3000Acon.c(2018): warning C4244: “=”: 从“int”转换到“char”，可能丢失数据
     1>d:\laoc\c_eva\eva_nde - 1\deviceadapters\picoscope\PS3000Acon.c(2690): warning C4244: “=”: 从“int”转换到“char”，可能丢失数据
     1>d:\laoc\c_eva\eva_nde - 1\deviceadapters\picoscope\PS3000Acon.c(2768): warning C4244: “=”: 从“int”转换到“char”，可能丢失数据
     1>EVA_pico.cpp(357): warning C4244: “+=”: 从“int”转换到“char”，可能丢失数据
     1>EVA_pico.cpp(416): warning C4244: “参数”: 从“unsigned int”转换到“unsigned short”，可能丢失数据
     1>EVA_pico.cpp(396): warning C4189: “count”: 局部变量已初始化但不引用
     1>EVA_pico.cpp(400): warning C4101: “buf”: 未引用的局部变量
     1>EVA_pico.cpp(406): warning C4101: “e”: 未引用的局部变量
     1>EVA_pico.cpp(418): warning C4101: “e”: 未引用的局部变量
     1>EVA_pico.cpp(589): warning C4244: “+=”: 从“unsigned int”转换到“char”，可能丢失数据
     1>EVA_pico.cpp(805): warning C4244: “参数”: 从“unsigned int”转换到“unsigned short”，可能丢失数据
     1>EVA_pico.cpp(807): warning C4101: “e”: 未引用的局部变量
     1>EVA_pico.cpp(1018): warning C4244: “参数”: 从“int”转换到“short”，可能丢失数据
     1>d:\laoc\c_eva\eva_nde - 1\deviceadapters\picoscope\ps3000acon.c(290): warning C4701: 使用了可能未初始化的局部变量“status”
     1>d:\laoc\c_eva\eva_nde - 1\deviceadapters\picoscope\ps3000acon.c(335): warning C4701: 使用了可能未初始化的局部变量“status”
     1>d:\laoc\c_eva\eva_nde - 1\deviceadapters\picoscope\ps3000acon.c(357): warning C4701: 使用了可能未初始化的局部变量“status”
     1>d:\laoc\c_eva\eva_nde - 1\deviceadapters\picoscope\ps3000acon.c(467): warning C4701: 使用了可能未初始化的局部变量“status”
     1>d:\laoc\c_eva\eva_nde - 1\deviceadapters\picoscope\ps3000acon.c(1516): warning C4789: 内存复制的目标太小
     1>d:\laoc\c_eva\eva_nde - 1\deviceadapters\picoscope\ps3000acon.c(1588): warning C4789: 内存复制的目标太小
     1>d:\laoc\c_eva\eva_nde - 1\deviceadapters\picoscope\ps3000acon.c(2135): warning C4701: 使用了可能未初始化的局部变量“arbitraryWaveform”
       ManifestResourceCompile:
         C:\Program Files (x86)\Microsoft SDKs\Windows\v7.0A\bin\rc.exe /nologo /fo"D:\laoc\C_EVA\EVA_NDE - 1\build\intermediates\Debug\x64\Picoscope\mmgr_dal_Picoscope.dll.embed.manifest.res" "D:\laoc\C_EVA\EVA_NDE - 1\build\intermediates\Debug\x64\Picoscope\mmgr_dal_Picoscope_manifest.rc" 
       Link:
         D:\Program Files (x86)\Microsoft Visual Studio 10.0\VC\bin\x86_amd64\link.exe /ERRORREPORT:PROMPT /OUT:"D:\laoc\C_EVA\EVA_NDE - 1\build\Debug\x64\mmgr_dal_Picoscope.dll" /INCREMENTAL /NOLOGO /LIBPATH:C:\Users\Administrator\Desktop\EVA\EVA_1 /LIBPATH:"D:\laoc\C_EVA\EVA_NDE - 1\\..\..\..\3rdpartypublic\boost-versions\boost_1_55_0-lib-x64" ps3000a.lib kernel32.lib user32.lib gdi32.lib winspool.lib comdlg32.lib advapi32.lib shell32.lib ole32.lib oleaut32.lib uuid.lib odbc32.lib odbccp32.lib /MANIFEST /ManifestFile:"D:\laoc\C_EVA\EVA_NDE - 1\build\intermediates\Debug\x64\Picoscope\mmgr_dal_Picoscope.dll.intermediate.manifest" /MANIFESTUAC:"level='asInvoker' uiAccess='false'" /DEBUG /PDB:"D:\laoc\C_EVA\EVA_NDE - 1\build\Debug\x64\mmgr_dal_Picoscope.pdb" /SUBSYSTEM:WINDOWS /TLBID:1 /DYNAMICBASE /NXCOMPAT /IMPLIB:"D:\laoc\C_EVA\EVA_NDE - 1\build\Debug\x64\mmgr_dal_Picoscope.lib" /MACHINE:X64 /DLL "D:\laoc\C_EVA\EVA_NDE - 1\build\intermediates\Debug\x64\Picoscope\mmgr_dal_Picoscope.dll.embed.manifest.res"
         "D:\laoc\C_EVA\EVA_NDE - 1\build\intermediates\Debug\x64\Picoscope\EVA_pico.obj"
         "D:\laoc\C_EVA\EVA_NDE - 1\build\intermediates\Debug\x64\MMDevice-SharedRuntime\Debayer.obj"
         "D:\laoc\C_EVA\EVA_NDE - 1\build\intermediates\Debug\x64\MMDevice-SharedRuntime\DeviceUtils.obj"
         "D:\laoc\C_EVA\EVA_NDE - 1\build\intermediates\Debug\x64\MMDevice-SharedRuntime\ImgBuffer.obj"
         "D:\laoc\C_EVA\EVA_NDE - 1\build\intermediates\Debug\x64\MMDevice-SharedRuntime\MMDevice.obj"
         "D:\laoc\C_EVA\EVA_NDE - 1\build\intermediates\Debug\x64\MMDevice-SharedRuntime\ModuleInterface.obj"
         "D:\laoc\C_EVA\EVA_NDE - 1\build\intermediates\Debug\x64\MMDevice-SharedRuntime\Property.obj"
            正在创建库 D:\laoc\C_EVA\EVA_NDE - 1\build\Debug\x64\mmgr_dal_Picoscope.lib 和对象 D:\laoc\C_EVA\EVA_NDE - 1\build\Debug\x64\mmgr_dal_Picoscope.exp
         Picoscope.vcxproj -> D:\laoc\C_EVA\EVA_NDE - 1\build\Debug\x64\mmgr_dal_Picoscope.dll
       Manifest:
         C:\Program Files (x86)\Microsoft SDKs\Windows\v7.0A\bin\mt.exe /nologo /verbose /out:"D:\laoc\C_EVA\EVA_NDE - 1\build\intermediates\Debug\x64\Picoscope\mmgr_dal_Picoscope.dll.embed.manifest" /manifest "D:\laoc\C_EVA\EVA_NDE - 1\build\intermediates\Debug\x64\Picoscope\mmgr_dal_Picoscope.dll.intermediate.manifest"
         C:\Program Files (x86)\Microsoft SDKs\Windows\v7.0A\bin\rc.exe /nologo /fo"D:\laoc\C_EVA\EVA_NDE - 1\build\intermediates\Debug\x64\Picoscope\mmgr_dal_Picoscope.dll.embed.manifest.res" "D:\laoc\C_EVA\EVA_NDE - 1\build\intermediates\Debug\x64\Picoscope\mmgr_dal_Picoscope_manifest.rc" 
       LinkEmbedManifest:
         D:\Program Files (x86)\Microsoft Visual Studio 10.0\VC\bin\x86_amd64\link.exe /ERRORREPORT:PROMPT /OUT:"D:\laoc\C_EVA\EVA_NDE - 1\build\Debug\x64\mmgr_dal_Picoscope.dll" /INCREMENTAL /NOLOGO /LIBPATH:C:\Users\Administrator\Desktop\EVA\EVA_1 /LIBPATH:"D:\laoc\C_EVA\EVA_NDE - 1\\..\..\..\3rdpartypublic\boost-versions\boost_1_55_0-lib-x64" ps3000a.lib kernel32.lib user32.lib gdi32.lib winspool.lib comdlg32.lib advapi32.lib shell32.lib ole32.lib oleaut32.lib uuid.lib odbc32.lib odbccp32.lib /MANIFEST /ManifestFile:"D:\laoc\C_EVA\EVA_NDE - 1\build\intermediates\Debug\x64\Picoscope\mmgr_dal_Picoscope.dll.intermediate.manifest" /MANIFESTUAC:"level='asInvoker' uiAccess='false'" /DEBUG /PDB:"D:\laoc\C_EVA\EVA_NDE - 1\build\Debug\x64\mmgr_dal_Picoscope.pdb" /SUBSYSTEM:WINDOWS /TLBID:1 /DYNAMICBASE /NXCOMPAT /IMPLIB:"D:\laoc\C_EVA\EVA_NDE - 1\build\Debug\x64\mmgr_dal_Picoscope.lib" /MACHINE:X64 /DLL "D:\laoc\C_EVA\EVA_NDE - 1\build\intermediates\Debug\x64\Picoscope\mmgr_dal_Picoscope.dll.embed.manifest.res"
         "D:\laoc\C_EVA\EVA_NDE - 1\build\intermediates\Debug\x64\Picoscope\EVA_pico.obj"
         "D:\laoc\C_EVA\EVA_NDE - 1\build\intermediates\Debug\x64\MMDevice-SharedRuntime\Debayer.obj"
         "D:\laoc\C_EVA\EVA_NDE - 1\build\intermediates\Debug\x64\MMDevice-SharedRuntime\DeviceUtils.obj"
         "D:\laoc\C_EVA\EVA_NDE - 1\build\intermediates\Debug\x64\MMDevice-SharedRuntime\ImgBuffer.obj"
         "D:\laoc\C_EVA\EVA_NDE - 1\build\intermediates\Debug\x64\MMDevice-SharedRuntime\MMDevice.obj"
         "D:\laoc\C_EVA\EVA_NDE - 1\build\intermediates\Debug\x64\MMDevice-SharedRuntime\ModuleInterface.obj"
         "D:\laoc\C_EVA\EVA_NDE - 1\build\intermediates\Debug\x64\MMDevice-SharedRuntime\Property.obj"
            正在创建库 D:\laoc\C_EVA\EVA_NDE - 1\build\Debug\x64\mmgr_dal_Picoscope.lib 和对象 D:\laoc\C_EVA\EVA_NDE - 1\build\Debug\x64\mmgr_dal_Picoscope.exp
         Picoscope.vcxproj -> D:\laoc\C_EVA\EVA_NDE - 1\build\Debug\x64\mmgr_dal_Picoscope.dll
       FinalizeBuildStatus:
         正在删除文件“D:\laoc\C_EVA\EVA_NDE - 1\build\intermediates\Debug\x64\Picoscope\Picoscope.unsuccessfulbuild”。
         正在对“D:\laoc\C_EVA\EVA_NDE - 1\build\intermediates\Debug\x64\Picoscope\Picoscope.lastbuildstate”执行 Touch 任务。
     1>已完成生成项目“D:\laoc\C_EVA\EVA_NDE - 1\DeviceAdapters\Picoscope\Picoscope.vcxproj”(build 个目标)的操作。

生成成功。

已用时间 00:00:02.79
