D:\laoc\EVA_NDE\build\Debug\Win32\MMDevice-SharedRuntime.lib
D:\laoc\EVA_NDE\build\intermediates\Debug\Win32\MMDevice-SharedRuntime\cl.command.1.tlog
D:\laoc\EVA_NDE\build\intermediates\Debug\Win32\MMDevice-SharedRuntime\CL.read.1.tlog
D:\laoc\EVA_NDE\build\intermediates\Debug\Win32\MMDevice-SharedRuntime\CL.write.1.tlog
D:\laoc\EVA_NDE\build\intermediates\Debug\Win32\MMDevice-SharedRuntime\Debayer.obj
D:\laoc\EVA_NDE\build\intermediates\Debug\Win32\MMDevice-SharedRuntime\DeviceUtils.obj
D:\laoc\EVA_NDE\build\intermediates\Debug\Win32\MMDevice-SharedRuntime\ImgBuffer.obj
D:\laoc\EVA_NDE\build\intermediates\Debug\Win32\MMDevice-SharedRuntime\lib.command.1.tlog
D:\laoc\EVA_NDE\build\intermediates\Debug\Win32\MMDevice-SharedRuntime\Lib-link.read.1.tlog
D:\laoc\EVA_NDE\build\intermediates\Debug\Win32\MMDevice-SharedRuntime\Lib-link.write.1.tlog
D:\laoc\EVA_NDE\build\intermediates\Debug\Win32\MMDevice-SharedRuntime\MMDevice.obj
D:\laoc\EVA_NDE\build\intermediates\Debug\Win32\MMDevice-SharedRuntime\MMDevice-SharedRuntime.vcxprojResolveAssemblyReference.cache
D:\laoc\EVA_NDE\build\intermediates\Debug\Win32\MMDevice-SharedRuntime\MMDevice-SharedRuntime.write.1.tlog
D:\laoc\EVA_NDE\build\intermediates\Debug\Win32\MMDevice-SharedRuntime\ModuleInterface.obj
D:\laoc\EVA_NDE\build\intermediates\Debug\Win32\MMDevice-SharedRuntime\Property.obj
D:\laoc\EVA_NDE\build\intermediates\Debug\Win32\MMDevice-SharedRuntime\vcWindows7.1SDK.idb
D:\laoc\EVA_NDE\build\intermediates\Debug\Win32\MMDevice-SharedRuntime\vcwindows7.1sdk.pdb
E:\EVA_NDE\BUILD\DEBUG\WIN32\MMDEVICE-SHAREDRUNTIME.LIB
E:\EVA_NDE\BUILD\INTERMEDIATES\DEBUG\WIN32\MMDEVICE-SHAREDRUNTIME\DEBAYER.OBJ
E:\EVA_NDE\BUILD\INTERMEDIATES\DEBUG\WIN32\MMDEVICE-SHAREDRUNTIME\DEVICEUTILS.OBJ
E:\EVA_NDE\BUILD\INTERMEDIATES\DEBUG\WIN32\MMDEVICE-SHAREDRUNTIME\IMGBUFFER.OBJ
E:\EVA_NDE\BUILD\INTERMEDIATES\DEBUG\WIN32\MMDEVICE-SHAREDRUNTIME\MMDEVICE.OBJ
E:\EVA_NDE\BUILD\INTERMEDIATES\DEBUG\WIN32\MMDEVICE-SHAREDRUNTIME\MODULEINTERFACE.OBJ
E:\EVA_NDE\BUILD\INTERMEDIATES\DEBUG\WIN32\MMDEVICE-SHAREDRUNTIME\PROPERTY.OBJ
E:\EVA_NDE\BUILD\INTERMEDIATES\DEBUG\WIN32\MMDEVICE-SHAREDRUNTIME\VCWINDOWS7.1SDK.PDB
